<?xml version="1.0" encoding="UTF-8"?>
<!-- Generated by org.testng.reporters.JUnitReportReporter -->
<testsuite skipped="0" hostname="THSLT10073" name="testCases.loginpage" tests="1" failures="0" timestamp="2020-09-28T22:39:47 IST" time="78.155" errors="0">
  <testcase name="Loginpage" time="78.155" classname="testCases.loginpage"/>
  <system-out/>
</testsuite> <!-- testCases.loginpage -->
