<?xml version="1.0" encoding="UTF-8"?>
<!-- Generated by org.testng.reporters.JUnitReportReporter -->
<testsuite skipped="0" hostname="THSLT10073" name="testCases.TransactionsWithdraw" tests="1" failures="0" timestamp="2020-10-07T20:59:35 IST" time="63.888" errors="0">
  <testcase name="withdrawtransactions" time="63.888" classname="testCases.TransactionsWithdraw"/>
  <system-out/>
</testsuite> <!-- testCases.TransactionsWithdraw -->
