<?xml version="1.0" encoding="UTF-8"?>
<!-- Generated by org.testng.reporters.JUnitReportReporter -->
<testsuite skipped="0" hostname="THSLT10073" name="testCases.ViewChecking" tests="1" failures="0" timestamp="2020-10-07T20:59:35 IST" time="116.409" errors="0">
  <testcase name="viewchecking" time="116.409" classname="testCases.ViewChecking"/>
  <system-out/>
</testsuite> <!-- testCases.ViewChecking -->
