<?xml version="1.0" encoding="UTF-8"?>
<!-- Generated by org.testng.reporters.JUnitReportReporter -->
<testsuite skipped="0" hostname="THSLT10073" name="testCases.Creating_Savings" tests="1" failures="0" timestamp="2020-10-07T20:59:35 IST" time="105.463" errors="0">
  <testcase name="Creatingsavings" time="105.463" classname="testCases.Creating_Savings"/>
  <system-out/>
</testsuite> <!-- testCases.Creating_Savings -->
