<?xml version="1.0" encoding="UTF-8"?>
<!-- Generated by org.testng.reporters.JUnitReportReporter -->
<testsuite skipped="0" hostname="THSLT10073" name="testCases.ViewChecking" tests="1" failures="0" timestamp="2020-09-28T00:06:24 IST" time="9.777" errors="0">
  <testcase name="verifyviewchecking" time="9.777" classname="testCases.ViewChecking"/>
  <system-out/>
</testsuite> <!-- testCases.ViewChecking -->
