<?xml version="1.0" encoding="UTF-8"?>
<!-- Generated by org.testng.reporters.JUnitReportReporter -->
<testsuite skipped="0" hostname="THSLT10073" name="testCases.standaradChecking" tests="1" failures="0" timestamp="2020-09-28T16:19:41 IST" time="11.167" errors="0">
  <testcase name="StandardCheckingCreation" time="11.167" classname="testCases.standaradChecking"/>
  <system-out/>
</testsuite> <!-- testCases.standaradChecking -->
