<?xml version="1.0" encoding="UTF-8"?>
<!-- Generated by org.testng.reporters.JUnitReportReporter -->
<testsuite skipped="0" hostname="THSLT10073" name="testCases.Creating_Savings" tests="1" failures="0" timestamp="2020-09-28T16:19:41 IST" time="7.151" errors="0">
  <testcase name="Creatingsavings" time="7.151" classname="testCases.Creating_Savings"/>
  <system-out/>
</testsuite> <!-- testCases.Creating_Savings -->
