<?xml version="1.0" encoding="UTF-8"?>
<!-- Generated by org.testng.reporters.JUnitReportReporter -->
<testsuite skipped="0" hostname="THSLT10073" name="testCases.TransactionDeposit" tests="1" failures="0" timestamp="2020-09-28T22:39:47 IST" time="82.202" errors="0">
  <testcase name="deposittransactions" time="82.202" classname="testCases.TransactionDeposit"/>
  <system-out/>
</testsuite> <!-- testCases.TransactionDeposit -->
