<?xml version="1.0" encoding="UTF-8"?>
<!-- Generated by org.testng.reporters.JUnitReportReporter -->
<testsuite skipped="0" hostname="THSLT10073" name="testCases.InterestChecking" tests="1" failures="0" timestamp="2020-09-28T16:19:41 IST" time="9.906" errors="0">
  <testcase name="StandardCheckingCreation" time="9.906" classname="testCases.InterestChecking"/>
  <system-out/>
</testsuite> <!-- testCases.InterestChecking -->
