<?xml version="1.0" encoding="UTF-8"?>
<!-- Generated by org.testng.reporters.JUnitReportReporter -->
<testsuite skipped="0" hostname="THSLT10073" name="testCases.standaradChecking" tests="1" failures="0" timestamp="2020-09-28T22:39:47 IST" time="9.449" errors="0">
  <testcase name="StandardCheckingCreation" time="9.449" classname="testCases.standaradChecking"/>
  <system-out/>
</testsuite> <!-- testCases.standaradChecking -->
