<?xml version="1.0" encoding="UTF-8"?>
<!-- Generated by org.testng.reporters.JUnitReportReporter -->
<testsuite skipped="0" hostname="THSLT10073" name="testCases.loginpage" tests="1" failures="0" timestamp="2020-09-28T22:14:21 IST" time="70.329" errors="0">
  <testcase name="Loginpage" time="70.329" classname="testCases.loginpage"/>
  <system-out/>
</testsuite> <!-- testCases.loginpage -->
