<?xml version="1.0" encoding="UTF-8"?>
<!-- Generated by org.testng.reporters.JUnitReportReporter -->
<testsuite skipped="0" hostname="THSLT10073" name="testCases.TransactionDeposit" tests="1" failures="0" timestamp="2020-09-28T21:04:15 IST" time="15.821" errors="0">
  <testcase name="deposittransactions" time="15.821" classname="testCases.TransactionDeposit"/>
  <system-out/>
</testsuite> <!-- testCases.TransactionDeposit -->
