<?xml version="1.0" encoding="UTF-8"?>
<!-- Generated by org.testng.reporters.JUnitReportReporter -->
<testsuite skipped="0" hostname="THSLT10073" name="testCases.InterestChecking" tests="1" failures="0" timestamp="2020-09-28T22:39:47 IST" time="12.223" errors="0">
  <testcase name="CreateInterestCheckingCreation" time="12.223" classname="testCases.InterestChecking"/>
  <system-out/>
</testsuite> <!-- testCases.InterestChecking -->
