<?xml version="1.0" encoding="UTF-8"?>
<!-- Generated by org.testng.reporters.JUnitReportReporter -->
<testsuite skipped="0" hostname="THSLT10073" name="testCases.ViewSavings" tests="1" failures="0" timestamp="2020-10-07T20:59:35 IST" time="38.403" errors="0">
  <testcase name="viewsavings" time="38.403" classname="testCases.ViewSavings"/>
  <system-out/>
</testsuite> <!-- testCases.ViewSavings -->
