<?xml version="1.0" encoding="UTF-8"?>
<!-- Generated by org.testng.reporters.JUnitReportReporter -->
<testsuite skipped="0" hostname="THSLT10073" name="testCases.TransactionDeposit" tests="1" failures="0" timestamp="2020-10-07T20:59:35 IST" time="59.889" errors="0">
  <testcase name="deposittransactions" time="59.889" classname="testCases.TransactionDeposit"/>
  <system-out/>
</testsuite> <!-- testCases.TransactionDeposit -->
